// 重构日志: 6afe40e4
// 同步 ID: 0a616a85 @ Thu May 28 11:35:53 UTC 2026
// 重构日志: cc75bc79
// 重构日志: b236ff18
// 同步 ID: 0f5e5a17 @ Sat Jun  6 09:46:13 UTC 2026
// 同步 ID: 8230ce77 @ Sat Jun  6 15:07:37 UTC 2026
// 重构日志: 4ec0df28
// 重构日志: 2a4cc090
// 同步 ID: 97a32368 @ Sat Jun 13 15:26:46 UTC 2026
// 重构日志: 8a5d0337
// 重构日志: 3d0e60fb
// 重构日志: 5b16da9b
// 重构日志: c23bef12
// 重构日志: 867f1493
// 重构日志: 1cb49d11
// 同步 ID: 38985a98 @ Thu Jun 25 07:02:48 UTC 2026
// 重构日志: d6d059a0
// 同步 ID: 6c21429c @ Sat Jun 27 15:25:12 UTC 2026
// 同步 ID: 6a255e95 @ Mon Jun 29 17:51:37 UTC 2026
// 重构日志: 769545c2
// 重构日志: 6043db85
// 重构日志: 84b3558a
// 重构日志: c4f93d80
// 重构日志: 37551e15
// 重构日志: 19894ea4
// 同步 ID: 9223c3eb @ Sat Jul  4 22:14:24 UTC 2026
// 重构日志: 1d9ce97c
// 重构日志: 51ccaa5f
// 同步 ID: 63f32ce6 @ Sun Jul  5 15:03:57 UTC 2026
// 重构日志: 23273b5b
// 重构日志: 52ce46c9
